2023-01-05 12:18:41.623657: I tensorflow/core/platform/cpu_feature_guard.cc:193] This TensorFlow binary is optimized with oneAPI Deep Neural Network Library (oneDNN) to use the following CPU instructions in performance-critical operations:  AVX2 AVX512F AVX512_VNNI FMA
To enable them in other operations, rebuild TensorFlow with the appropriate compiler flags.
2023-01-05 12:18:41.767913: I tensorflow/core/util/port.cc:104] oneDNN custom operations are on. You may see slightly different numerical results due to floating-point round-off errors from different computation orders. To turn them off, set the environment variable `TF_ENABLE_ONEDNN_OPTS=0`.
2023-01-05 12:18:42.385083: W tensorflow/compiler/xla/stream_executor/platform/default/dso_loader.cc:64] Could not load dynamic library 'libnvinfer.so.7'; dlerror: libnvinfer.so.7: cannot open shared object file: No such file or directory
2023-01-05 12:18:42.385164: W tensorflow/compiler/xla/stream_executor/platform/default/dso_loader.cc:64] Could not load dynamic library 'libnvinfer_plugin.so.7'; dlerror: libnvinfer_plugin.so.7: cannot open shared object file: No such file or directory
2023-01-05 12:18:42.385175: W tensorflow/compiler/tf2tensorrt/utils/py_utils.cc:38] TF-TRT Warning: Cannot dlopen some TensorRT libraries. If you would like to use Nvidia GPU with TensorRT, please make sure the missing libraries mentioned above are installed properly.
2023-01-05 12:18:43.444276: I tensorflow/core/platform/cpu_feature_guard.cc:193] This TensorFlow binary is optimized with oneAPI Deep Neural Network Library (oneDNN) to use the following CPU instructions in performance-critical operations:  AVX2 AVX512F AVX512_VNNI FMA
To enable them in other operations, rebuild TensorFlow with the appropriate compiler flags.
2023-01-05 12:18:44.092887: I tensorflow/core/common_runtime/gpu/gpu_device.cc:1613] Created device /job:localhost/replica:0/task:0/device:GPU:0 with 22288 MB memory:  -> device: 0, name: NVIDIA GeForce RTX 3090, pci bus id: 0000:18:00.0, compute capability: 8.6
1 Physical GPUs, 1 Logical GPUs
{'diffusion_config': {'T': 200, 'beta_0': 0.0001, 'beta_T': 0.02}, 'wavenet_config': {'in_channels': 12, 'out_channels': 12, 'num_res_layers': 36, 'res_channels': 256, 'skip_channels': 256, 'diffusion_step_embed_dim_in': 128, 'diffusion_step_embed_dim_mid': 512, 'diffusion_step_embed_dim_out': 512, 's4_lmax': 250, 's4_d_state': 64, 's4_dropout': 0.0, 's4_bidirectional': 1, 's4_layernorm': 1}, 'train_config': {'output_directory': './results/ptbxl/mnr', 'ckpt_iter': 'max', 'iters_per_ckpt': 100000, 'iters_per_logging': 10000, 'n_iters': 300000, 'learning_rate': 0.0002, 'only_generate_missing': 1, 'use_model': 2, 'masking': 'mnr', 'missing_k': 5}, 'trainset_config': {'train_data_path': './datasets/train_ptbxl_1000.npy', 'test_data_path': './datasets/test_ptbxl_1000.npy', 'segment_length': 250, 'sampling_rate': 100}, 'gen_config': {'output_directory': './results/ptbxl/mnr', 'ckpt_path': './results/ptbxl/mnr/'}}
output directory ./results/ptbxl/mnr/inference
2023-01-05 12:18:45.311151: I tensorflow/core/util/cuda_solvers.cc:179] Creating GpuSolver handles for stream 0x6742a20
2023-01-05 12:18:52.611188: I tensorflow/compiler/xla/stream_executor/cuda/cuda_dnn.cc:428] Loaded cuDNN version 8101
2023-01-05 12:18:53.464709: I tensorflow/tsl/platform/default/subprocess.cc:304] Start cannot spawn child process: No such file or directory
2023-01-05 12:18:53.530976: I tensorflow/compiler/xla/stream_executor/cuda/cuda_blas.cc:630] TensorFloat-32 will be used for the matrix multiplication. This will only be logged once.
./results/ptbxl/mnr/T200_beta00.0001_betaT0.02/300000/300000
Successfully loaded model at iteration 300000
Data loaded (16, 550, 250, 12)
begin sampling, total number of reverse steps = 200
generated 550 utterances of random_digit at iteration 300000 in 13.67750281492869 mins
saved generated samples at iteration 300000
begin sampling, total number of reverse steps = 200
generated 550 utterances of random_digit at iteration 300000 in 13.608454100290935 mins
saved generated samples at iteration 300000
begin sampling, total number of reverse steps = 200
generated 550 utterances of random_digit at iteration 300000 in 13.610255952676138 mins
saved generated samples at iteration 300000
begin sampling, total number of reverse steps = 200
generated 550 utterances of random_digit at iteration 300000 in 13.618232266108196 mins
saved generated samples at iteration 300000
begin sampling, total number of reverse steps = 200
generated 550 utterances of random_digit at iteration 300000 in 13.612308327356974 mins
saved generated samples at iteration 300000
begin sampling, total number of reverse steps = 200
generated 550 utterances of random_digit at iteration 300000 in 13.606596299012502 mins
saved generated samples at iteration 300000
begin sampling, total number of reverse steps = 200
generated 550 utterances of random_digit at iteration 300000 in 13.61271405617396 mins
saved generated samples at iteration 300000
begin sampling, total number of reverse steps = 200
generated 550 utterances of random_digit at iteration 300000 in 13.618166855971019 mins
saved generated samples at iteration 300000
begin sampling, total number of reverse steps = 200
generated 550 utterances of random_digit at iteration 300000 in 13.608696587880452 mins
saved generated samples at iteration 300000
begin sampling, total number of reverse steps = 200
generated 550 utterances of random_digit at iteration 300000 in 13.608641147613525 mins
saved generated samples at iteration 300000
begin sampling, total number of reverse steps = 200
generated 550 utterances of random_digit at iteration 300000 in 13.611006597677866 mins
saved generated samples at iteration 300000
begin sampling, total number of reverse steps = 200
generated 550 utterances of random_digit at iteration 300000 in 13.603636574745178 mins
saved generated samples at iteration 300000
begin sampling, total number of reverse steps = 200
generated 550 utterances of random_digit at iteration 300000 in 13.601820321877797 mins
saved generated samples at iteration 300000
begin sampling, total number of reverse steps = 200
generated 550 utterances of random_digit at iteration 300000 in 13.60405346552531 mins
saved generated samples at iteration 300000
begin sampling, total number of reverse steps = 200
generated 550 utterances of random_digit at iteration 300000 in 13.61471910874049 mins
saved generated samples at iteration 300000
begin sampling, total number of reverse steps = 200
generated 550 utterances of random_digit at iteration 300000 in 13.613206601142883 mins
saved generated samples at iteration 300000
Total MAE: 0.02021322
Total MSE: 0.005927892
RMSE: 0.07699280444400745
